2023-09-01 21:57:43,610.numeric_series.INFO ==================================================
2023-09-01 21:57:43,611.numeric_series.INFO Today is 2023-09-01 at 09:57 PM
2023-09-01 21:57:43,632.numeric_series.INFO Running on: nt Windows 10
2023-09-01 21:57:43,632.numeric_series.INFO Python version:  3.11.4
2023-09-01 21:57:43,632.numeric_series.INFO Python path: C:\Program Files\Python311
2023-09-01 21:57:43,632.numeric_series.INFO Working dir: C:\Users\adria\Module01\IntroToPython-master\datafun-02-functions
2023-09-01 21:57:43,632.numeric_series.INFO ==================================================
2023-09-01 21:57:43,632.numeric_series.INFO Created: NumericSeries with name=Quiz Scores Module 1, units=pts, and 6 data points: [9, 9, 10, 9, 7, 10]
2023-09-01 21:57:43,632.numeric_series.INFO Created: NumericSeries with name=Quiz Scores Module 2, units=pts, and 8 data points: [8, 10, 8, 10, 8, 10, 10, 10]
2023-09-01 21:57:43,632.numeric_series.INFO Created: NumericSeries with name=Quiz Scores Module 3, units=pts, and 4 data points: [7, 8, 9, 10]
2023-09-01 21:57:43,632.numeric_series.INFO Created: NumericSeries with name=Hemoglobin Module 4, units=g/dL, and 15 data points: [7.5, 8, 9, 14, 16, 16.5, 16, 18, 4.3, 5.3, 5.7, 6, 6.1, 6.2, 6.2]
2023-09-01 21:57:43,632.numeric_series.INFO NumericSeries with name=Quiz Scores Module 1, units=pts, and 6 data points: [9, 9, 10, 9, 7, 10]
2023-09-01 21:57:43,632.numeric_series.INFO Count: 6
2023-09-01 21:57:43,632.numeric_series.INFO Sum: 54.00
2023-09-01 21:57:43,632.numeric_series.INFO Mean: 9.00
2023-09-01 21:57:43,632.numeric_series.INFO Median: 9.0
2023-09-01 21:57:43,632.numeric_series.INFO Variance: 1.20
2023-09-01 21:57:43,632.numeric_series.INFO Standard Deviation: 1.10
2023-09-01 21:57:43,632.numeric_series.INFO NumericSeries with name=Quiz Scores Module 2, units=pts, and 8 data points: [8, 10, 8, 10, 8, 10, 10, 10]
2023-09-01 21:57:43,632.numeric_series.INFO Count: 8
2023-09-01 21:57:43,632.numeric_series.INFO Sum: 74.00
2023-09-01 21:57:43,632.numeric_series.INFO Mean: 9.25
2023-09-01 21:57:43,632.numeric_series.INFO Median: 10.0
2023-09-01 21:57:43,632.numeric_series.INFO Variance: 1.07
2023-09-01 21:57:43,632.numeric_series.INFO Standard Deviation: 1.04
2023-09-01 21:57:43,632.numeric_series.INFO NumericSeries with name=Quiz Scores Module 3, units=pts, and 4 data points: [7, 8, 9, 10]
2023-09-01 21:57:43,632.numeric_series.INFO Count: 4
2023-09-01 21:57:43,632.numeric_series.INFO Sum: 34.00
2023-09-01 21:57:43,632.numeric_series.INFO Mean: 8.50
2023-09-01 21:57:43,632.numeric_series.INFO Median: 8.5
2023-09-01 21:57:43,632.numeric_series.INFO Variance: 1.67
2023-09-01 21:57:43,632.numeric_series.INFO Standard Deviation: 1.29
2023-09-01 21:57:43,632.numeric_series.INFO NumericSeries with name=Hemoglobin Module 4, units=g/dL, and 15 data points: [7.5, 8, 9, 14, 16, 16.5, 16, 18, 4.3, 5.3, 5.7, 6, 6.1, 6.2, 6.2]
2023-09-01 21:57:43,632.numeric_series.INFO Count: 15
2023-09-01 21:57:43,632.numeric_series.INFO Sum: 144.80
2023-09-01 21:57:43,632.numeric_series.INFO Mean: 9.65
2023-09-01 21:57:43,632.numeric_series.INFO Median: 7.5
2023-09-01 21:57:43,632.numeric_series.INFO Variance: 24.06
2023-09-01 21:57:43,632.numeric_series.INFO Standard Deviation: 4.91
