2023-09-01 21:18:06,367.user_easy_stats_adrianvega.INFO ==================================================
2023-09-01 21:18:06,367.user_easy_stats_adrianvega.INFO Today is 2023-09-01 at 09:18 PM
2023-09-01 21:18:06,387.user_easy_stats_adrianvega.INFO Running on: nt Windows 10
2023-09-01 21:18:06,387.user_easy_stats_adrianvega.INFO Python version:  3.11.4
2023-09-01 21:18:06,387.user_easy_stats_adrianvega.INFO Python path: C:\Program Files\Python311
2023-09-01 21:18:06,387.user_easy_stats_adrianvega.INFO Working dir: C:\Users\adria\Module01\IntroToPython-master\datafun-02-functions
2023-09-01 21:18:06,387.user_easy_stats_adrianvega.INFO ==================================================
2023-09-01 21:18:06,406.user_easy_stats_adrianvega.INFO day_x = [1, 3, 6, 9, 12, 15, 18, 21, 24, 27]
2023-09-01 21:18:06,407.user_easy_stats_adrianvega.INFO mean of day_x  = 13.60
2023-09-01 21:18:06,407.user_easy_stats_adrianvega.INFO median of day_x= 13.50
2023-09-01 21:18:06,407.user_easy_stats_adrianvega.INFO mode of day_x = 1.00
2023-09-01 21:18:06,407.user_easy_stats_adrianvega.INFO var of day_x   =  79.60
2023-09-01 21:18:06,407.user_easy_stats_adrianvega.INFO stdev of day_x =  8.92
2023-09-01 21:18:06,408.user_easy_stats_adrianvega.INFO lowestof day_x =  1.00
2023-09-01 21:18:06,408.user_easy_stats_adrianvega.INFO highest of day_x=  27.00
2023-09-01 21:18:06,408.user_easy_stats_adrianvega.INFO range of day_x is 1.00 to 27.00
2023-09-01 21:18:06,408.user_easy_stats_adrianvega.INFO day_x = [1, 3, 6, 9, 12, 15, 18, 21, 24, 27]
2023-09-01 21:18:06,408.user_easy_stats_adrianvega.INFO mean of temp_y  = 36.20
2023-09-01 21:18:06,408.user_easy_stats_adrianvega.INFO median of temp_y= 36.50
2023-09-01 21:18:06,408.user_easy_stats_adrianvega.INFO mode of temp_y = 38.00
2023-09-01 21:18:06,408.user_easy_stats_adrianvega.INFO var of temp_y   =  3.07
2023-09-01 21:18:06,408.user_easy_stats_adrianvega.INFO stdev of temp_y =  1.75
2023-09-01 21:18:06,408.user_easy_stats_adrianvega.INFO lowestof temp_y =  33.00
2023-09-01 21:18:06,408.user_easy_stats_adrianvega.INFO highest of temp_y=  38.00
2023-09-01 21:18:06,408.user_easy_stats_adrianvega.INFO range of temp_y is 33.00 to 38.00
